"../../../Engine/Content/ArtTools/RenderToTexture/Enums/RenderToTexture_Enum.uasset" 0
"../../../Engine/Content/ArtTools/RenderToTexture/Enums/RenderToTexture_Flipbook_Enum.uasset" 1
"../../../Engine/Content/ArtTools/RenderToTexture/Enums/RenderToTexture_Imposter_Enum.uasset" 2
"../../../Engine/Content/EditorBlueprintResources/StandardMacros.uasset" 3
"../../../Engine/Content/ArtTools/RenderToTexture/Enums/EIntTypes.uasset" 4
"../../../Engine/Content/ArtTools/RenderToTexture/Macros/RenderToTextureFunctionLibrary.uasset" 5
"../../../Engine/Content/ArtTools/RenderToTexture/Enums/EFloatTypes.uasset" 6
"../../../Engine/Content/ArtTools/RenderToTexture/Macros/RenderToTextureMacros.uasset" 7
"../../../Engine/Content/Functions/Engine_MaterialFunctions01/Opacity/CameraDepthFade.uasset" 8
"../../../Engine/Content/EngineMaterials/T_Default_Material_Grid_M.uasset" 9
"../../../Engine/Content/EngineMaterials/T_Default_Material_Grid_N.uasset" 10
"../../../Engine/Content/EngineMaterials/WorldGridMaterial.uasset" 11
"../../../Engine/Content/ArtTools/RenderToTexture/Meshes/S_1_Unit_Plane.uasset" 12
"../../../Engine/Content/EngineMaterials/DefaultMaterial.uasset" 13
"../../../Engine/Content/BasicShapes/Cone.uasset" 14
"../../../Engine/Content/BasicShapes/Cylinder.uasset" 15
"../../../Engine/Content/BasicShapes/Sphere.uasset" 16
"../../../Engine/Content/EngineMaterials/DefaultPhysicalMaterial.uasset" 17
"../../../Engine/Content/BufferVisualization/AmbientOcclusion.uasset" 18
"../../../Engine/Content/BufferVisualization/BaseColor.uasset" 19
"../../../Engine/Content/BufferVisualization/CustomDepth.uasset" 20
"../../../Engine/Content/Functions/Engine_MaterialFunctions02/Utility/VectorLength.uasset" 21
"../../../Engine/Content/BufferVisualization/CustomDepthWorldUnits.uasset" 22
"../../../Engine/Content/Functions/Engine_MaterialFunctions02/Utility/BreakOutFloat2Components.uasset" 23
"../../../Engine/Content/Functions/Engine_MaterialFunctions01/Texturing/ScaleUVsByCenter.uasset" 24
"../../../Engine/Content/Functions/Engine_MaterialFunctions02/ScreenResolution.uasset" 25
"../../../Engine/Content/Functions/Engine_MaterialFunctions02/Texturing/ScreenAlignedUVs.uasset" 26
"../../../Engine/Content/Functions/Engine_MaterialFunctions02/Utility/MakeFloat2.uasset" 27
"../../../Engine/Content/Functions/Engine_MaterialFunctions02/Utility/MakeFloat3.uasset" 28
"../../../Engine/Content/EngineMaterials/MiniFont.uasset" 29
"../../../Engine/Content/BufferVisualization/CustomStencil.uasset" 30
"../../../Engine/Content/BufferVisualization/FinalImage.uasset" 31
"../../../Engine/Content/BufferVisualization/LightingModel.uasset" 32
"../../../Engine/Content/BufferVisualization/MaterialAO.uasset" 33
"../../../Engine/Content/BufferVisualization/Metallic.uasset" 34
"../../../Engine/Content/BufferVisualization/Opacity.uasset" 35
"../../../Engine/Content/BufferVisualization/PostTonemapHDRColor.uasset" 36
"../../../Engine/Content/BufferVisualization/PreTonemapHDRColor.uasset" 37
"../../../Engine/Content/BufferVisualization/Roughness.uasset" 38
"../../../Engine/Content/BufferVisualization/SceneColor.uasset" 39
"../../../Engine/Content/BufferVisualization/SceneDepth.uasset" 40
"../../../Engine/Content/BufferVisualization/SceneDepthWorldUnits.uasset" 41
"../../../Engine/Content/BufferVisualization/SeparateTranslucencyA.uasset" 42
"../../../Engine/Content/BufferVisualization/SeparateTranslucencyRGB.uasset" 43
"../../../Engine/Content/BufferVisualization/Specular.uasset" 44
"../../../Engine/Content/BufferVisualization/SubsurfaceColor.uasset" 45
"../../../Engine/Content/BufferVisualization/WorldNormal.uasset" 46
"../../../Engine/Content/EditorBlueprintResources/ActorMacros.uasset" 47
"../../../Engine/Content/EditorLandscapeResources/DataLayer.uasset" 48
"../../../Engine/Content/EditorLandscapeResources/DefaultAlphaTexture.uasset" 49
"../../../Engine/Content/EditorLandscapeResources/LandscapeGizmoHeight_Mat.uasset" 50
"../../../Engine/Content/EditorLandscapeResources/LandscapeGizmo_Mat.uasset" 51
"../../../Engine/Content/EditorLandscapeResources/LandscapeGizmo_Mat_Copied.uasset" 52
"../../../Engine/Content/EditorLandscapeResources/SplineEditorMeshMat.uasset" 53
"../../../Engine/Content/EditorLandscapeResources/SplineEditorMesh.uasset" 54
"../../../Engine/Content/EditorMaterials/Cross.uasset" 55
"../../../Engine/Content/EditorMaterials/Cross_Mat.uasset" 56
"../../../Engine/Content/EditorMaterials/GizmoMaterial.uasset" 57
"../../../Engine/Content/Functions/Engine_MaterialFunctions02/Utility/Sign.uasset" 58
"../../../Engine/Content/Functions/Engine_MaterialFunctions02/Utility/Round.uasset" 59
"../../../Engine/Content/Functions/Engine_MaterialFunctions02/ExampleContent/Textures/flipbook.uasset" 60
"../../../Engine/Content/Functions/Engine_MaterialFunctions02/Texturing/FlipBook.uasset" 61
"../../../Engine/Content/EditorResources/T_EditorHelp.uasset" 62
"../../../Engine/Content/EditorMaterials/HelpActorMaterial.uasset" 63
"../../../Engine/Content/EditorMaterials/CompositeARGBLayer.uasset" 64
"../../../Engine/Content/EditorMaterials/TilingAALineIntegral.uasset" 65
"../../../Engine/Content/EditorMaterials/TilingAALineBoxFiltered.uasset" 66
"../../../Engine/Content/Functions/Engine_MaterialFunctions03/Procedurals/ComputeFilterWidth.uasset" 67
"../../../Engine/Content/EditorMaterials/TilingAADots.uasset" 68
"../../../Engine/Content/EditorMaterials/Cascade/CASC_Cross.uasset" 69
"../../../Engine/Content/EditorMaterials/Cascade/CASC_None.uasset" 70
"../../../Engine/Content/Functions/Engine_MaterialFunctions03/Blends/Blend_Screen.uasset" 71
"../../../Engine/Content/EditorMaterials/TilingAAGrid.uasset" 72
"../../../Engine/Content/EditorMaterials/LevelGridMaterial.uasset" 73
"../../../Engine/Content/EditorMaterials/MAT_Groups_Toggle.uasset" 74
"../../../Engine/Content/EditorMaterials/MAT_Groups_Visibility.uasset" 75
"../../../Engine/Content/EditorMaterials/PhAT_BoneSelectedMaterial.uasset" 76
"../../../Engine/Content/EditorMaterials/PhAT_ElemSelectedMaterial.uasset" 77
"../../../Engine/Content/EditorMaterials/PhAT_NoCollisionMaterial.uasset" 78
"../../../Engine/Content/EditorMaterials/PhAT_UnselectedMaterial.uasset" 79
"../../../Engine/Content/EditorMaterials/PreviewShadowIndicator.uasset" 80
"../../../Engine/Content/EditorMaterials/PreviewShadowIndicatorMaterial.uasset" 81
"../../../Engine/Content/EditorMaterials/TargetIcon.uasset" 82
"../../../Engine/Content/EditorMaterials/Tick.uasset" 83
"../../../Engine/Content/EditorMaterials/Tick_Mat.uasset" 84
"../../../Engine/Content/EditorMaterials/WidgetGridVertexColorMaterial.uasset" 85
"../../../Engine/Content/EditorMaterials/WidgetGridVertexColorMaterial_Ma.uasset" 86
"../../../Engine/Content/EditorMaterials/WidgetMaterial.uasset" 87
"../../../Engine/Content/EditorMaterials/WidgetMaterial_Current.uasset" 88
"../../../Engine/Content/EditorMaterials/WidgetMaterial_X.uasset" 89
"../../../Engine/Content/EditorMaterials/WidgetMaterial_Y.uasset" 90
"../../../Engine/Content/EditorMaterials/WidgetMaterial_Z.uasset" 91
"../../../Engine/Content/EditorMaterials/WidgetVertexColorMaterial.uasset" 92
"../../../Engine/Content/EditorMaterials/AssetViewer/EpicQuadPanorama_CC+EV1.uasset" 93
"../../../Engine/Content/EditorMaterials/MatineeGroups/MAT_ColorTrack.uasset" 94
"../../../Engine/Content/EditorMaterials/MatineeGroups/MAT_Groups_Anim.uasset" 95
"../../../Engine/Content/EditorMaterials/MatineeGroups/MAT_Groups_AudioMaster.uasset" 96
"../../../Engine/Content/EditorMaterials/MatineeGroups/MAT_Groups_Director.uasset" 97
"../../../Engine/Content/EditorMaterials/MatineeGroups/MAT_Groups_Event.uasset" 98
"../../../Engine/Content/EditorMaterials/MatineeGroups/MAT_Groups_Fade.uasset" 99
"../../../Engine/Content/EditorMaterials/MatineeGroups/MAT_Groups_Float.uasset" 100
"../../../Engine/Content/EditorMaterials/MatineeGroups/MAT_Groups_Move.uasset" 101
"../../../Engine/Content/EditorMaterials/MatineeGroups/MAT_Groups_Slomo.uasset" 102
"../../../Engine/Content/EditorMaterials/MatineeGroups/MAT_Groups_Sound.uasset" 103
"../../../Engine/Content/EditorMaterials/MatineeGroups/MAT_Groups_Vector.uasset" 104
"../../../Engine/Content/EditorMaterials/ParticleSystems/PSysThumbnail_NoImage.uasset" 105
"../../../Engine/Content/EditorMaterials/ParticleSystems/PSysThumbnail_OOD.uasset" 106
"../../../Engine/Content/EngineMaterials/Grid.uasset" 107
"../../../Engine/Content/EditorMaterials/Thumbnails/FloorPlaneMaterial.uasset" 108
"../../../Engine/Content/EditorMeshes/EditorCylinder.uasset" 109
"../../../Engine/Content/EditorMeshes/EditorPlane.uasset" 110
"../../../Engine/Content/EditorMaterials/Thumbnails/SkySphereMaterial.uasset" 111
"../../../Engine/Content/EditorMeshes/EditorSkySphere.uasset" 112
"../../../Engine/Content/EditorMeshes/EditorSphere.uasset" 113
"../../../Engine/Content/EditorResources/MatineeCam_D.uasset" 114
"../../../Engine/Content/EditorMaterials/MatineeCam_mat.uasset" 115
"../../../Engine/Content/EditorMeshes/MatineeCam_SM.uasset" 116
"../../../Engine/Content/EditorMaterials/Camera/CineMat.uasset" 117
"../../../Engine/Content/EditorMaterials/Camera/MI_CineMat_CameraBody.uasset" 118
"../../../Engine/Content/EngineDebugMaterials/M_SimpleOpaque.uasset" 119
"../../../Engine/Content/EditorMaterials/Camera/MI_CineMat_CamViewFinder.uasset" 120
"../../../Engine/Content/EditorMeshes/Camera/SM_CineCam.uasset" 121
"../../../Engine/Content/EditorMaterials/Camera/MI_CineMat_Rig.uasset" 122
"../../../Engine/Content/EditorMeshes/Camera/SM_CraneRig_Arm.uasset" 123
"../../../Engine/Content/EditorMeshes/Camera/SM_CraneRig_Base.uasset" 124
"../../../Engine/Content/EditorMeshes/Camera/SM_CraneRig_Body.uasset" 125
"../../../Engine/Content/EditorMeshes/Camera/SM_CraneRig_Mount.uasset" 126
"../../../Engine/Content/EditorMeshes/Camera/SM_RailRig_Mount.uasset" 127
"../../../Engine/Content/EditorMeshes/Camera/SM_RailRig_Track.uasset" 128
"../../../Engine/Content/EditorMeshes/ColorCalibrator/M_ChromeBall.uasset" 129
"../../../Engine/Content/EditorMeshes/ColorCalibrator/M_ClearCoat.uasset" 130
"../../../Engine/Content/EditorMeshes/ColorCalibrator/M_ClearCoatBlack.uasset" 131
"../../../Engine/Content/EditorMeshes/ColorCalibrator/T_ColorGrid.uasset" 132
"../../../Engine/Content/EditorMeshes/ColorCalibrator/M_ColorGrid.uasset" 133
"../../../Engine/Content/EditorMeshes/ColorCalibrator/M_GreyBall.uasset" 134
"../../../Engine/Content/EditorMeshes/ColorCalibrator/SM_ColorCalibrator.uasset" 135
"../../../Engine/Content/EditorResources/Bad.uasset" 136
"../../../Engine/Content/EditorResources/BSPVertex.uasset" 137
"../../../Engine/Content/EditorResources/MatInstActSprite.uasset" 138
"../../../Engine/Content/EditorResources/RGBTable16x1_AssetViewer.uasset" 139
"../../../Engine/Content/EditorResources/SceneManager.uasset" 140
"../../../Engine/Content/EditorResources/SmallFont.uasset" 141
"../../../Engine/Content/EditorResources/S_Actor.uasset" 142
"../../../Engine/Content/EditorResources/S_DecalActorIcon.uasset" 143
"../../../Engine/Content/EditorResources/S_Emitter.uasset" 144
"../../../Engine/Content/EditorResources/S_ExpoHeightFog.uasset" 145
"../../../Engine/Content/EditorResources/S_FTest.uasset" 146
"../../../Engine/Content/EditorResources/S_KBSJoint.uasset" 147
"../../../Engine/Content/EditorResources/S_KHinge.uasset" 148
"../../../Engine/Content/EditorResources/S_KPrismatic.uasset" 149
"../../../Engine/Content/EditorResources/S_LevelSequence.uasset" 150
"../../../Engine/Content/EditorResources/S_NavP.uasset" 151
"../../../Engine/Content/EditorResources/S_Note.uasset" 152
"../../../Engine/Content/EditorResources/S_Player.uasset" 153
"../../../Engine/Content/EditorResources/S_PortalActorIcon2.uasset" 154
"../../../Engine/Content/EditorResources/S_RadForce.uasset" 155
"../../../Engine/Content/EditorResources/S_ReflActorIcon.uasset" 156
"../../../Engine/Content/EditorResources/S_Terrain.uasset" 157
"../../../Engine/Content/EditorResources/S_TextRenderActorIcon.uasset" 158
"../../../Engine/Content/EditorResources/S_Thruster.uasset" 159
"../../../Engine/Content/EditorResources/S_Trigger.uasset" 160
"../../../Engine/Content/EditorResources/S_VectorFieldVol.uasset" 161
"../../../Engine/Content/EditorResources/S_WindDirectional.uasset" 162
"../../../Engine/Content/EditorResources/AI/S_NavLink.uasset" 163
"../../../Engine/Content/EditorResources/LightIcons/SkyLight.uasset" 164
"../../../Engine/Content/EditorResources/LightIcons/S_LightDirectional.uasset" 165
"../../../Engine/Content/EditorResources/LightIcons/S_LightDirectionalMove.uasset" 166
"../../../Engine/Content/EditorResources/LightIcons/S_LightError.uasset" 167
"../../../Engine/Content/EditorResources/LightIcons/S_LightPoint.uasset" 168
"../../../Engine/Content/EditorResources/LightIcons/S_LightPointMove.uasset" 169
"../../../Engine/Content/EditorResources/LightIcons/S_LightSpot.uasset" 170
"../../../Engine/Content/EditorResources/LightIcons/S_LightSpotMove.uasset" 171
"../../../Engine/Content/EditorResources/SequenceRecorder/Countdown.uasset" 172
"../../../Engine/Content/EditorResources/SequenceRecorder/RecordingIndicator.uasset" 173
"../../../Engine/Content/EditorResources/Spline/T_Loft_Spline.uasset" 174
"../../../Engine/Content/EditorSounds/Notifications/CompileFailed.uasset" 175
"../../../Engine/Content/EditorSounds/Notifications/CompileFailed_Cue.uasset" 176
"../../../Engine/Content/EditorSounds/Notifications/CompileSuccess.uasset" 177
"../../../Engine/Content/EditorSounds/Notifications/CompileStart_Cue.uasset" 178
"../../../Engine/Content/EditorSounds/Notifications/CompileSuccess_Cue.uasset" 179
"../../../Engine/Content/EngineDamageTypes/DmgTypeBP_Environmental.uasset" 180
"../../../Engine/Content/EngineDebugMaterials/HeatmapGradient.uasset" 181
"../../../Engine/Content/EngineDebugMaterials/BoneWeightMaterial.uasset" 182
"../../../Engine/Content/EngineDebugMaterials/DebugMeshMaterial.uasset" 183
"../../../Engine/Content/EngineDebugMaterials/GeomMaterial.uasset" 184
"../../../Engine/Content/Functions/Engine_MaterialFunctions01/Shading/ConvertFromDiffSpec.uasset" 185
"../../../Engine/Content/EngineDebugMaterials/LevelColorationLitMaterial.uasset" 186
"../../../Engine/Content/EngineDebugMaterials/LevelColorationUnlitMaterial.uasset" 187
"../../../Engine/Content/EngineMaterials/DefaultWhiteGrid.uasset" 188
"../../../Engine/Content/EngineDebugMaterials/MAT_LevelColorationLitLightmapUV.uasset" 189
"../../../Engine/Content/EngineDebugMaterials/M_SimpleTranslucent.uasset" 190
"../../../Engine/Content/EngineDebugMaterials/ShadedLevelColorationLitMaterial.uasset" 191
"../../../Engine/Content/EngineDebugMaterials/ShadedLevelColorationUnlitMateri.uasset" 192
"../../../Engine/Content/EngineDebugMaterials/VertexColorMaterial.uasset" 193
"../../../Engine/Content/EngineDebugMaterials/VertexColorViewMode_AlphaAsColor.uasset" 194
"../../../Engine/Content/EngineDebugMaterials/VertexColorViewMode_BlueOnly.uasset" 195
"../../../Engine/Content/EngineDebugMaterials/VertexColorViewMode_ColorOnly.uasset" 196
"../../../Engine/Content/EngineDebugMaterials/VertexColorViewMode_GreenOnly.uasset" 197
"../../../Engine/Content/EngineDebugMaterials/VertexColorViewMode_RedOnly.uasset" 198
"../../../Engine/Content/EngineDebugMaterials/WireframeMaterial.uasset" 199
"../../../Engine/Content/EngineFonts/Roboto.uasset" 200
"../../../Engine/Content/EngineFonts/RobotoTiny.uasset" 201
"../../../Engine/Content/EngineFonts/SmallFont.uasset" 202
"../../../Engine/Content/EngineFonts/TinyFont.uasset" 203
"../../../Engine/Content/EngineResources/WhiteSquareTexture.uasset" 204
"../../../Engine/Content/EngineMaterials/BlinkingCaret.uasset" 205
"../../../Engine/Content/EngineMaterials/DefaultBokeh.uasset" 206
"../../../Engine/Content/EngineMaterials/DefaultDiffuse.uasset" 207
"../../../Engine/Content/EngineMaterials/DefaultDeferredDecalMaterial.uasset" 208
"../../../Engine/Content/EngineMaterials/DefaultLightFunctionMaterial.uasset" 209
"../../../Engine/Content/EngineMaterials/DefaultNormal.uasset" 210
"../../../Engine/Content/EngineMaterials/DefaultPostProcessMaterial.uasset" 211
"../../../Engine/Content/EngineFonts/RobotoDistanceField.uasset" 212
"../../../Engine/Content/EngineMaterials/DefaultTextMaterialOpaque.uasset" 213
"../../../Engine/Content/EngineMaterials/EditorBrushMaterial.uasset" 214
"../../../Engine/Content/EngineMaterials/Good64x64TilingNoiseHighFreq.uasset" 215
"../../../Engine/Content/EngineMaterials/Grid_N.uasset" 216
"../../../Engine/Content/EngineMaterials/HighResolutionScreenshotMaskFunction.uasset" 217
"../../../Engine/Content/EngineMaterials/HighResScreenshot.uasset" 218
"../../../Engine/Content/EngineMaterials/HighResScreenshotCaptureRegion.uasset" 219
"../../../Engine/Content/EngineMaterials/HighResScreenshotMask.uasset" 220
"../../../Engine/Content/EngineMaterials/LandscapeHolePhysicalMaterial.uasset" 221
"../../../Engine/Content/EngineMaterials/InvalidLightmapSettings.uasset" 222
"../../../Engine/Content/EngineMaterials/M_InvalidLightmapSettings.uasset" 223
"../../../Engine/Content/EngineMaterials/PaperDiffuse.uasset" 224
"../../../Engine/Content/EngineMaterials/PaperNormal.uasset" 225
"../../../Engine/Content/EngineMaterials/PhAT_JointLimitMaterial.uasset" 226
"../../../Engine/Content/EngineMaterials/PhysMat_Rubber.uasset" 227
"../../../Engine/Content/EngineMaterials/PreintegratedSkinBRDF.uasset" 228
"../../../Engine/Content/EngineMaterials/RemoveSurfaceMaterial.uasset" 229
"../../../Engine/Content/EngineMaterials/WeightMapPlaceholderTexture.uasset" 230
"../../../Engine/Content/EngineMaterials/Widget3DPassThrough.uasset" 231
"../../../Engine/Content/EngineMaterials/Widget3DPassThrough_Masked.uasset" 232
"../../../Engine/Content/EngineMaterials/Widget3DPassThrough_Opaque.uasset" 233
"../../../Engine/Content/EngineMaterials/Widget3DPassThrough_Masked_OneSided.uasset" 234
"../../../Engine/Content/EngineMaterials/Widget3DPassThrough_Opaque_OneSided.uasset" 235
"../../../Engine/Content/EngineMaterials/Widget3DPassThrough_Translucent.uasset" 236
"../../../Engine/Content/EngineMaterials/Widget3DPassThrough_Translucent_OneSided.uasset" 237
"../../../Engine/Content/EngineMeshes/Cube.uasset" 238
"../../../Engine/Content/EngineMeshes/Cylinder.uasset" 239
"../../../Engine/Content/EngineMeshes/Sphere.uasset" 240
"../../../Engine/Content/EngineResources/AICON-Green.uasset" 241
"../../../Engine/Content/EngineResources/AICON-Red.uasset" 242
"../../../Engine/Content/EngineResources/Black.uasset" 243
"../../../Engine/Content/EngineResources/DefaultTexture.uasset" 244
"../../../Engine/Content/EngineResources/DefaultTextureCube.uasset" 245
"../../../Engine/Content/EngineResources/GradientTexture0.uasset" 246
"../../../Engine/Content/EngineResources/StreamingPauseIcon.uasset" 247
"../../../Engine/Content/EngineResources/M_StreamingPause.uasset" 248
"../../../Engine/Content/EngineSounds/Master.uasset" 249
"../../../Engine/Content/EngineSounds/MasterSubmix.uasset" 250
"../../../Engine/Content/EngineTireTypes/DefaultTireType.uasset" 251
"../../../Engine/Content/Functions/Engine_MaterialFunctions01/Shading/PowerToRoughness.uasset" 252
"../../../Engine/Content/Maps/Templates/Thumbnails/Default.uasset" 253
"../../../Engine/Content/Maps/Templates/Thumbnails/VR-Basic.uasset" 254
"../../../Engine/Content/MapTemplates/Sky/DaylightAmbientCubemap.uasset" 255
"../../../Engine/Content/MobileResources/T_MobileControls_texture.uasset" 256
"../../../Engine/Content/MobileResources/T_MobileMenu2.uasset" 257
"../../../Engine/Content/MobileResources/HUD/AnalogHat.uasset" 258
"../../../Engine/Content/MobileResources/HUD/VirtualJoystick_Background.uasset" 259
"../../../Engine/Content/MobileResources/HUD/VirtualJoystick_Thumb.uasset" 260
"../../../Engine/Content/MobileResources/HUD/DefaultVirtualJoysticks.uasset" 261
"../../../Engine/Content/MobileResources/HUD/LeftVirtualJoystickOnly.uasset" 262
"../../../Engine/Content/MobileResources/HUD/MobileHUDButton1_off.uasset" 263
"../../../Engine/Content/MobileResources/HUD/MobileHUDButton1_on.uasset" 264
"../../../Engine/Content/MobileResources/HUD/MobileHUDButton2_off.uasset" 265
"../../../Engine/Content/MobileResources/HUD/MobileHUDButton2_on.uasset" 266
"../../../Engine/Content/MobileResources/HUD/MobileHUDButton3.uasset" 267
"../../../Engine/Content/MobileResources/HUD/MobileHUDButtonFire.uasset" 268
"../../../Engine/Content/MobileResources/HUD/MobileHUDDirectionPad.uasset" 269
"../../../Engine/Content/MobileResources/HUD/MobileHUDDirectionPad2.uasset" 270
"../../../Engine/Content/MobileResources/HUD/MobileHUDDirectionPad3.uasset" 271
"../../../Engine/Content/MobileResources/HUD/MobileHUDDirectionStick.uasset" 272
"../../../Engine/Content/MobileResources/HUD/T_Castle_ThumbstickInner.uasset" 273
"../../../Engine/Content/MobileResources/HUD/T_Castle_ThumbstickOutter.uasset" 274
"../../../Engine/Content/Tutorial/ContentIntroCurve.uasset" 275
"../../../Engine/Content/Tutorial/Basics/TutorialAssets/icon_tab_Levels_40x.uasset" 276
"../../../Engine/Content/Tutorial/BlueprintTutorials/TutorialAssets/BlueprintInterface_64x.uasset" 277
"../../../Engine/Content/Tutorial/BlueprintTutorials/TutorialAssets/BlueprintMacroLibrary_64x.uasset" 278
"../../../Engine/Content/Tutorial/BlueprintTutorials/TutorialAssets/Blueprint_64x.uasset" 279
"../../../Engine/Content/Tutorial/BlueprintTutorials/TutorialAssets/Tutorial_BP_Interface.uasset" 280
"../../../Engine/Content/Tutorial/Foliage/TutorialAssets/Foliage.uasset" 281
"../../../Engine/Content/Tutorial/Landscape/TutorialAssets/Landscape.uasset" 282
"../../../Engine/Content/Tutorial/Paper2D/TutorialAssets/Paper2DFlipbook_TutorialIcon.uasset" 283
"../../../Engine/Content/Tutorial/Paper2D/TutorialAssets/Paper2DSprite_TutorialIcon.uasset" 284
"../../../Engine/Content/Tutorial/SubEditors/TutorialAssets/icon_Editor_Preferences_General_40x.uasset" 285
"../../../Engine/Content/Tutorial/SubEditors/TutorialAssets/icon_ShowSkeletalMeshes_40x.uasset" 286
"../../../Engine/Content/Tutorial/SubEditors/TutorialAssets/TutorialMaterial.uasset" 287
"../../../Engine/Content/Tutorial/SubEditors/TutorialAssets/T_SmokeSubUV_8X8.uasset" 288
"../../../Engine/Content/Tutorial/SubEditors/TutorialAssets/T_soft_smoke.uasset" 289
"../../../Engine/Content/Tutorial/SubEditors/TutorialAssets/M_smoke_subUV_blackbody.uasset" 290
"../../../Engine/Content/Tutorial/SubEditors/TutorialAssets/TutorialParticleSystem.uasset" 291
"../../../Engine/Content/EditorMeshes/EditorCube.uasset" 292
"../../../Engine/Content/Tutorial/SubEditors/TutorialAssets/Tutorial_DM.uasset" 293
"../../../Engine/Content/VREditor/Devices/Generic/GenericHMDMaterial.uasset" 294
"../../../Engine/Content/VREditor/Devices/Generic/GenericHMD.uasset" 295
"../../../Engine/Content/VREditor/FloatingText/LineMaterial.uasset" 296
"../../../Engine/Content/VREditor/FloatingText/JointSphere.uasset" 297
"../../../Engine/Content/VREditor/FloatingText/LineSegmentCylinder.uasset" 298
"../../../Engine/Content/VREditor/Fonts/VRText_RobotoLarge.uasset" 299
"../../../Engine/Content/VREditor/Fonts/VRTextMaterial.uasset" 300
"../../../Engine/Content/VREditor/Fonts/TranslucentVRTextMaterial.uasset" 301
"../../../Engine/Content/VREditor/LaserPointer/VR_LaserPower_01.uasset" 302
"../../../Engine/Content/VREditor/LaserPointer/LaserPointerMaterial.uasset" 303
"../../../Engine/Content/VREditor/LaserPointer/LaserPointerMaterialInst.uasset" 304
"../../../Engine/Content/VREditor/LaserPointer/TranslucentLaserPointerMaterialInst.uasset" 305
"../../../Engine/Content/VREditor/LaserPointer/LaserPointerMesh.uasset" 306
"../../../Engine/Content/VREditor/Sounds/VR_grab_Cue.uasset" 307
"../../../Engine/Content/VREditor/Sounds/VR_teleport_Cue.uasset" 308
"../../../Engine/Content/VREditor/TransformGizmo/TransformGizmoMaterial.uasset" 309
"../../../Engine/Content/VREditor/TransformGizmo/TranslucentTransformGizmoMaterial.uasset" 310
"../../../Engine/Content/VREditor/TransformGizmo/BoundingBoxCorner.uasset" 311
"../../../Engine/Content/VREditor/TransformGizmo/BoundingBoxEdge.uasset" 312
"../../../Engine/Content/VREditor/TransformGizmo/PlaneTranslationHandle.uasset" 313
"../../../Engine/Content/VREditor/TransformGizmo/RotationHandle.uasset" 314
"../../../Engine/Content/VREditor/TransformGizmo/RotationHandleFull.uasset" 315
"../../../Engine/Content/VREditor/TransformGizmo/StretchingHandle.uasset" 316
"../../../Engine/Content/VREditor/TransformGizmo/TranslateHandleLong.uasset" 317
"../../../Engine/Content/VREditor/TransformGizmo/TranslationHandle.uasset" 318
"../../../Engine/Content/VREditor/TransformGizmo/UniformScaleHandle.uasset" 319
"../../../Engine/Content/VREditor/Tutorial/UMG/Specialized/AnimsForHands.uasset" 320
"../../../Engine/Content/VREditor/UI/CloseButtonMesh.uasset" 321
"../../../Engine/Content/VREditor/UI/SelectionBarMesh.uasset" 322
"../../../Engine/Content/Functions/Engine_MaterialFunctions01/Gradient/RadialGradient.uasset" 323
"../../../Engine/Content/VREditor/WorldMovementGrid/SimpleGrid.uasset" 324
"../../../Engine/Content/VREditor/WorldMovementGrid/GridMaterial.uasset" 325
"../../../Engine/Content/Functions/Engine_MaterialFunctions01/Density/ExponentialDensity.uasset" 326
"../../../Engine/Content/VREditor/WorldMovementGrid/GridPostProcess.uasset" 327
"../../../Engine/Content/EditorLandscapeResources/FlattenHeightMat.uasset" 328
"../../../Engine/Content/VREditor/WorldMovementGrid/PlaneMesh.uasset" 329
"../../../Engine/Plugins/2D/Paper2D/Content/DefaultSpriteMaterial.uasset" 330
"../../../Engine/Plugins/2D/Paper2D/Content/TranslucentUnlitSpriteMaterial.uasset" 331
"../../../Calc4/Content/Textures/ui/uipack_rpg_sheet.uasset" 332
"../../../Calc4/Content/Textures/ui/Brown_Cursor.uasset" 333
"../../../Engine/Plugins/2D/Paper2D/Content/DummySprite.uasset" 334
"../../../Engine/Plugins/2D/Paper2D/Content/DefaultPaperTerrainMaterial.uasset" 335
"../../../Engine/Plugins/2D/Paper2D/Content/MaskedUnlitSpriteMaterial.uasset" 336
"../../../Engine/Plugins/2D/Paper2D/Content/OpaqueUnlitSpriteMaterial.uasset" 337
"../../../Engine/Plugins/2D/Paper2D/Content/PlaceholderTextures/DummySpriteTexture.uasset" 338
"../../../Calc4/Content/Textures/rougelike/roguelikeSheet_transparent.uasset" 339
"../../../Calc4/Content/Textures/rougelike/roguelikeSheet_transparent__32.uasset" 340
"../../../Calc4/Content/Textures/rougelike/roguelikeSheet_transparent__93.uasset" 341
"../../../Calc4/Content/Blueprints/Door_BP.uasset" 342
"../../../Calc4/Content/Textures/rougelike/roguelikeSheet_transparent__34.uasset" 343
"../../../Calc4/Content/Textures/ui/Background_Skinny_UI.uasset" 344
"../../../Calc4/Content/Textures/ui/CrossGrey_UI.uasset" 345
"../../../Calc4/Content/Textures/ui/CrossGreyLight_UI.uasset" 346
"../../../Calc4/Content/UI/MessageUI2.uasset" 347
"../../../Calc4/Content/Blueprints/LockedDoor_BP.uasset" 348
"../../../Calc4/Content/Textures/rougelike/roguelikeSheet_transparent__896.uasset" 349
"../../../Calc4/Content/Textures/ui/Background_LightGrey_Skinny_UI.uasset" 350
"../../../Calc4/Content/Textures/ui/Background_Think_UI.uasset" 351
"../../../Calc4/Content/Textures/ui/CheckGrey_UI.uasset" 352
"../../../Calc4/Content/Textures/ui/CheckLightGrey_UI.uasset" 353
"../../../Calc4/Content/UI/CorrectAnswerUI.uasset" 354
"../../../Calc4/Content/UI/IncorrectAnswerUI.uasset" 355
"../../../Calc4/Content/UI/ProblemUI.uasset" 356
"../../../Calc4/Content/Blueprints/Problem_BP.uasset" 357
"../../../Calc4/Content/Textures/rougelike/roguelikeSheet_transparent_sp_1850.uasset" 358
"../../../Calc4/Content/Blueprints/RoomSpawn_BP.uasset" 359
"../../../Calc4/Content/Textures/ui/cursor_brown.uasset" 360
"../../../Calc4/Content/Blueprints/GameHUD_BP.uasset" 361
"../../../Calc4/Content/Blueprints/HeroPlayerController.uasset" 362
"../../../Calc4/Content/Textures/roguelike-characters/roguelikeChar_transparent.uasset" 363
"../../../Calc4/Content/Textures/roguelike-characters/roguelikeChar_transparent_Sprite_0.uasset" 364
"../../../Calc4/Content/Textures/roguelike-characters/MainCharacterFlipbook.uasset" 365
"../../../Calc4/Content/Characters/Hero_BP.uasset" 366
"../../../Calc4/Content/Characters/HeroGameMode.uasset" 367
"../../../Engine/Content/BasicShapes/BasicShapeMaterial.uasset" 368
"../../../Engine/Content/BasicShapes/Cube.uasset" 369
"../../../Engine/Content/EditorResources/BadBlueprintSprite.uasset" 370
"../../../Calc4/Content/Textures/roguelike-cave/roguelikeDungeon_transparent.uasset" 371
"../../../Calc4/Content/Textures/roguelike-cave/roguelikeDungeon_transparent_Sprite_135.uasset" 372
"../../../Calc4/Content/Textures/roguelike-cave/roguelikeDungeon_transparent_Sprite_172.uasset" 373
"../../../Calc4/Content/Textures/roguelike-cave/roguelikeDungeon_transparent_Sprite_193.uasset" 374
"../../../Calc4/Content/Textures/roguelike-cave/roguelikeDungeon_transparent_Sprite_194.uasset" 375
"../../../Calc4/Content/Textures/roguelike-cave/roguelikeDungeon_transparent_Sprite_195.uasset" 376
"../../../Calc4/Content/Textures/roguelike-cave/roguelikeDungeon_transparent_Sprite_196.uasset" 377
"../../../Calc4/Content/Textures/roguelike-cave/roguelikeDungeon_transparent_Sprite_199.uasset" 378
"../../../Calc4/Content/Textures/roguelike-cave/roguelikeDungeon_transparent_Sprite_230.uasset" 379
"../../../Calc4/Content/Textures/roguelike-cave/roguelikeDungeon_transparent_Sprite_231.uasset" 380
"../../../Calc4/Content/Textures/roguelike-cave/roguelikeDungeon_transparent_Sprite_613.uasset" 381
"../../../Calc4/Content/Textures/roguelike-cave/roguelikeDungeon_transparent_Sprite_671.uasset" 382
"../../../Calc4/Content/Textures/roguelike-indoor/roguelikeIndoor_transparent.uasset" 383
"../../../Calc4/Content/Textures/roguelike-indoor/roguelikeIndoor_transparent_Sprite_0.uasset" 384
"../../../Calc4/Content/Textures/roguelike-indoor/roguelikeIndoor_transparent_Sprite_1.uasset" 385
"../../../Calc4/Content/Textures/roguelike-indoor/roguelikeIndoor_transparent_Sprite_100.uasset" 386
"../../../Calc4/Content/Textures/roguelike-indoor/roguelikeIndoor_transparent_Sprite_105.uasset" 387
"../../../Calc4/Content/Textures/roguelike-indoor/roguelikeIndoor_transparent_Sprite_107.uasset" 388
"../../../Calc4/Content/Textures/roguelike-indoor/roguelikeIndoor_transparent_Sprite_108.uasset" 389
"../../../Calc4/Content/Textures/roguelike-indoor/roguelikeIndoor_transparent_Sprite_150.uasset" 390
"../../../Calc4/Content/Textures/roguelike-indoor/roguelikeIndoor_transparent_Sprite_152.uasset" 391
"../../../Calc4/Content/Textures/roguelike-indoor/roguelikeIndoor_transparent_Sprite_158.uasset" 392
"../../../Calc4/Content/Textures/roguelike-indoor/roguelikeIndoor_transparent_Sprite_16.uasset" 393
"../../../Calc4/Content/Textures/roguelike-indoor/roguelikeIndoor_transparent_Sprite_161.uasset" 394
"../../../Calc4/Content/Textures/roguelike-indoor/roguelikeIndoor_transparent_Sprite_17.uasset" 395
"../../../Calc4/Content/Textures/roguelike-indoor/roguelikeIndoor_transparent_Sprite_177.uasset" 396
"../../../Calc4/Content/Textures/roguelike-indoor/roguelikeIndoor_transparent_Sprite_2.uasset" 397
"../../../Calc4/Content/Textures/roguelike-indoor/roguelikeIndoor_transparent_Sprite_201.uasset" 398
"../../../Calc4/Content/Textures/roguelike-indoor/roguelikeIndoor_transparent_Sprite_202.uasset" 399
"../../../Calc4/Content/Textures/roguelike-indoor/roguelikeIndoor_transparent_Sprite_213.uasset" 400
"../../../Calc4/Content/Textures/roguelike-indoor/roguelikeIndoor_transparent_Sprite_226.uasset" 401
"../../../Calc4/Content/Textures/roguelike-indoor/roguelikeIndoor_transparent_Sprite_227.uasset" 402
"../../../Calc4/Content/Textures/roguelike-indoor/roguelikeIndoor_transparent_Sprite_228.uasset" 403
"../../../Calc4/Content/Textures/roguelike-indoor/roguelikeIndoor_transparent_Sprite_233.uasset" 404
"../../../Calc4/Content/Textures/roguelike-indoor/roguelikeIndoor_transparent_Sprite_234.uasset" 405
"../../../Calc4/Content/Textures/roguelike-indoor/roguelikeIndoor_transparent_Sprite_249.uasset" 406
"../../../Calc4/Content/Textures/roguelike-indoor/roguelikeIndoor_transparent_Sprite_259.uasset" 407
"../../../Calc4/Content/Textures/roguelike-indoor/roguelikeIndoor_transparent_Sprite_276.uasset" 408
"../../../Calc4/Content/Textures/roguelike-indoor/roguelikeIndoor_transparent_Sprite_280.uasset" 409
"../../../Calc4/Content/Textures/roguelike-indoor/roguelikeIndoor_transparent_Sprite_281.uasset" 410
"../../../Calc4/Content/Textures/roguelike-indoor/roguelikeIndoor_transparent_Sprite_282.uasset" 411
"../../../Calc4/Content/Textures/roguelike-indoor/roguelikeIndoor_transparent_Sprite_297.uasset" 412
"../../../Calc4/Content/Textures/roguelike-indoor/roguelikeIndoor_transparent_Sprite_3.uasset" 413
"../../../Calc4/Content/Textures/roguelike-indoor/roguelikeIndoor_transparent_Sprite_301.uasset" 414
"../../../Calc4/Content/Textures/roguelike-indoor/roguelikeIndoor_transparent_Sprite_307.uasset" 415
"../../../Calc4/Content/Textures/roguelike-indoor/roguelikeIndoor_transparent_Sprite_309.uasset" 416
"../../../Calc4/Content/Textures/roguelike-indoor/roguelikeIndoor_transparent_Sprite_310.uasset" 417
"../../../Calc4/Content/Textures/roguelike-indoor/roguelikeIndoor_transparent_Sprite_312.uasset" 418
"../../../Calc4/Content/Textures/roguelike-indoor/roguelikeIndoor_transparent_Sprite_315.uasset" 419
"../../../Calc4/Content/Textures/roguelike-indoor/roguelikeIndoor_transparent_Sprite_318.uasset" 420
"../../../Calc4/Content/Textures/roguelike-indoor/roguelikeIndoor_transparent_Sprite_328.uasset" 421
"../../../Calc4/Content/Textures/roguelike-indoor/roguelikeIndoor_transparent_Sprite_333.uasset" 422
"../../../Calc4/Content/Textures/roguelike-indoor/roguelikeIndoor_transparent_Sprite_335.uasset" 423
"../../../Calc4/Content/Textures/roguelike-indoor/roguelikeIndoor_transparent_Sprite_338.uasset" 424
"../../../Calc4/Content/Textures/roguelike-indoor/roguelikeIndoor_transparent_Sprite_344.uasset" 425
"../../../Calc4/Content/Textures/roguelike-indoor/roguelikeIndoor_transparent_Sprite_345.uasset" 426
"../../../Calc4/Content/Textures/roguelike-indoor/roguelikeIndoor_transparent_Sprite_349.uasset" 427
"../../../Calc4/Content/Textures/roguelike-indoor/roguelikeIndoor_transparent_Sprite_350.uasset" 428
"../../../Calc4/Content/Textures/roguelike-indoor/roguelikeIndoor_transparent_Sprite_351.uasset" 429
"../../../Calc4/Content/Textures/roguelike-indoor/roguelikeIndoor_transparent_Sprite_352.uasset" 430
"../../../Calc4/Content/Textures/roguelike-indoor/roguelikeIndoor_transparent_Sprite_353.uasset" 431
"../../../Calc4/Content/Textures/roguelike-indoor/roguelikeIndoor_transparent_Sprite_358.uasset" 432
"../../../Calc4/Content/Textures/roguelike-indoor/roguelikeIndoor_transparent_Sprite_365.uasset" 433
"../../../Calc4/Content/Textures/roguelike-indoor/roguelikeIndoor_transparent_Sprite_366.uasset" 434
"../../../Calc4/Content/Textures/roguelike-indoor/roguelikeIndoor_transparent_Sprite_368.uasset" 435
"../../../Calc4/Content/Textures/roguelike-indoor/roguelikeIndoor_transparent_Sprite_369.uasset" 436
"../../../Calc4/Content/Textures/roguelike-indoor/roguelikeIndoor_transparent_Sprite_370.uasset" 437
"../../../Calc4/Content/Textures/roguelike-indoor/roguelikeIndoor_transparent_Sprite_390.uasset" 438
"../../../Calc4/Content/Textures/roguelike-indoor/roguelikeIndoor_transparent_Sprite_393.uasset" 439
"../../../Calc4/Content/Textures/roguelike-indoor/roguelikeIndoor_transparent_Sprite_394.uasset" 440
"../../../Calc4/Content/Textures/roguelike-indoor/roguelikeIndoor_transparent_Sprite_395.uasset" 441
"../../../Calc4/Content/Textures/roguelike-indoor/roguelikeIndoor_transparent_Sprite_396.uasset" 442
"../../../Calc4/Content/Textures/roguelike-indoor/roguelikeIndoor_transparent_Sprite_397.uasset" 443
"../../../Calc4/Content/Textures/roguelike-indoor/roguelikeIndoor_transparent_Sprite_398.uasset" 444
"../../../Calc4/Content/Textures/roguelike-indoor/roguelikeIndoor_transparent_Sprite_4.uasset" 445
"../../../Calc4/Content/Textures/roguelike-indoor/roguelikeIndoor_transparent_Sprite_422.uasset" 446
"../../../Calc4/Content/Textures/roguelike-indoor/roguelikeIndoor_transparent_Sprite_423.uasset" 447
"../../../Calc4/Content/Textures/roguelike-indoor/roguelikeIndoor_transparent_Sprite_424.uasset" 448
"../../../Calc4/Content/Textures/roguelike-indoor/roguelikeIndoor_transparent_Sprite_449.uasset" 449
"../../../Calc4/Content/Textures/roguelike-indoor/roguelikeIndoor_transparent_Sprite_450.uasset" 450
"../../../Calc4/Content/Textures/roguelike-indoor/roguelikeIndoor_transparent_Sprite_451.uasset" 451
"../../../Calc4/Content/Textures/roguelike-indoor/roguelikeIndoor_transparent_Sprite_46.uasset" 452
"../../../Calc4/Content/Textures/roguelike-indoor/roguelikeIndoor_transparent_Sprite_47.uasset" 453
"../../../Calc4/Content/Textures/roguelike-indoor/roguelikeIndoor_transparent_Sprite_476.uasset" 454
"../../../Calc4/Content/Textures/roguelike-indoor/roguelikeIndoor_transparent_Sprite_477.uasset" 455
"../../../Calc4/Content/Textures/roguelike-indoor/roguelikeIndoor_transparent_Sprite_478.uasset" 456
"../../../Calc4/Content/Textures/roguelike-indoor/roguelikeIndoor_transparent_Sprite_48.uasset" 457
"../../../Calc4/Content/Textures/roguelike-indoor/roguelikeIndoor_transparent_Sprite_53.uasset" 458
"../../../Calc4/Content/Textures/roguelike-indoor/roguelikeIndoor_transparent_Sprite_59.uasset" 459
"../../../Calc4/Content/Textures/roguelike-indoor/roguelikeIndoor_transparent_Sprite_6.uasset" 460
"../../../Calc4/Content/Textures/roguelike-indoor/roguelikeIndoor_transparent_Sprite_7.uasset" 461
"../../../Calc4/Content/Textures/roguelike-indoor/roguelikeIndoor_transparent_Sprite_75.uasset" 462
"../../../Calc4/Content/Textures/roguelike-indoor/roguelikeIndoor_transparent_Sprite_76.uasset" 463
"../../../Calc4/Content/Textures/roguelike-indoor/roguelikeIndoor_transparent_Sprite_77.uasset" 464
"../../../Calc4/Content/Textures/roguelike-indoor/roguelikeIndoor_transparent_Sprite_97.uasset" 465
"../../../Calc4/Content/Textures/roguelike-indoor/roguelikeIndoor_transparent_Sprite_98.uasset" 466
"../../../Calc4/Content/Textures/roguelike-indoor/roguelikeIndoor_transparent_Sprite_99.uasset" 467
"../../../Calc4/Content/Textures/rougelike/Collision_Sprite.uasset" 468
"../../../Calc4/Content/Textures/rougelike/roguelikeSheet_column.uasset" 469
"../../../Calc4/Content/Textures/rougelike/roguelikeSheet_transparent__100.uasset" 470
"../../../Calc4/Content/Textures/rougelike/roguelikeSheet_transparent__102.uasset" 471
"../../../Calc4/Content/Textures/rougelike/roguelikeSheet_transparent__1036.uasset" 472
"../../../Calc4/Content/Textures/rougelike/roguelikeSheet_transparent__1037.uasset" 473
"../../../Calc4/Content/Textures/rougelike/roguelikeSheet_transparent__1038.uasset" 474
"../../../Calc4/Content/Textures/rougelike/roguelikeSheet_transparent__1093.uasset" 475
"../../../Calc4/Content/Textures/rougelike/roguelikeSheet_transparent__1094.uasset" 476
"../../../Calc4/Content/Textures/rougelike/roguelikeSheet_transparent__1095.uasset" 477
"../../../Calc4/Content/Textures/rougelike/roguelikeSheet_transparent__1118.uasset" 478
"../../../Calc4/Content/Textures/rougelike/roguelikeSheet_transparent__1150.uasset" 479
"../../../Calc4/Content/Textures/rougelike/roguelikeSheet_transparent__1151.uasset" 480
"../../../Calc4/Content/Textures/rougelike/roguelikeSheet_transparent__1152.uasset" 481
"../../../Calc4/Content/Textures/rougelike/roguelikeSheet_transparent__1174.uasset" 482
"../../../Calc4/Content/Textures/rougelike/roguelikeSheet_transparent__1175.uasset" 483
"../../../Calc4/Content/Textures/rougelike/roguelikeSheet_transparent__1207.uasset" 484
"../../../Calc4/Content/Textures/rougelike/roguelikeSheet_transparent__1208.uasset" 485
"../../../Calc4/Content/Textures/rougelike/roguelikeSheet_transparent__1209.uasset" 486
"../../../Calc4/Content/Textures/rougelike/roguelikeSheet_transparent__1235.uasset" 487
"../../../Calc4/Content/Textures/rougelike/roguelikeSheet_transparent__1236.uasset" 488
"../../../Calc4/Content/Textures/rougelike/roguelikeSheet_transparent__1237.uasset" 489
"../../../Calc4/Content/Textures/rougelike/roguelikeSheet_transparent__1292.uasset" 490
"../../../Calc4/Content/Textures/rougelike/roguelikeSheet_transparent__1293.uasset" 491
"../../../Calc4/Content/Textures/rougelike/roguelikeSheet_transparent__1294.uasset" 492
"../../../Calc4/Content/Textures/rougelike/roguelikeSheet_transparent__1349.uasset" 493
"../../../Calc4/Content/Textures/rougelike/roguelikeSheet_transparent__135.uasset" 494
"../../../Calc4/Content/Textures/rougelike/roguelikeSheet_transparent__1350.uasset" 495
"../../../Calc4/Content/Textures/rougelike/roguelikeSheet_transparent__1351.uasset" 496
"../../../Calc4/Content/Textures/rougelike/roguelikeSheet_transparent__136.uasset" 497
"../../../Calc4/Content/Textures/rougelike/roguelikeSheet_transparent__14.uasset" 498
"../../../Calc4/Content/Textures/rougelike/roguelikeSheet_transparent__1425.uasset" 499
"../../../Calc4/Content/Textures/rougelike/roguelikeSheet_transparent__1426.uasset" 500
"../../../Calc4/Content/Textures/rougelike/roguelikeSheet_transparent__1427.uasset" 501
"../../../Calc4/Content/Textures/rougelike/roguelikeSheet_transparent__1482.uasset" 502
"../../../Calc4/Content/Textures/rougelike/roguelikeSheet_transparent__1483.uasset" 503
"../../../Calc4/Content/Textures/rougelike/roguelikeSheet_transparent__1484.uasset" 504
"../../../Calc4/Content/Textures/rougelike/roguelikeSheet_transparent__1539.uasset" 505
"../../../Calc4/Content/Textures/rougelike/roguelikeSheet_transparent__1540.uasset" 506
"../../../Calc4/Content/Textures/rougelike/roguelikeSheet_transparent__1541.uasset" 507
"../../../Calc4/Content/Textures/rougelike/roguelikeSheet_transparent__304.uasset" 508
"../../../Calc4/Content/Textures/rougelike/roguelikeSheet_transparent__37.uasset" 509
"../../../Calc4/Content/Textures/rougelike/roguelikeSheet_transparent__392.uasset" 510
"../../../Calc4/Content/Textures/rougelike/roguelikeSheet_transparent__418.uasset" 511
"../../../Calc4/Content/Textures/rougelike/roguelikeSheet_transparent__420.uasset" 512
"../../../Calc4/Content/Textures/rougelike/roguelikeSheet_transparent__449.uasset" 513
"../../../Calc4/Content/Textures/rougelike/roguelikeSheet_transparent__450.uasset" 514
"../../../Calc4/Content/Textures/rougelike/roguelikeSheet_transparent__476.uasset" 515
"../../../Calc4/Content/Textures/rougelike/roguelikeSheet_transparent__480.uasset" 516
"../../../Calc4/Content/Textures/rougelike/roguelikeSheet_transparent__482.uasset" 517
"../../../Calc4/Content/Textures/rougelike/roguelikeSheet_transparent__500.uasset" 518
"../../../Calc4/Content/Textures/rougelike/roguelikeSheet_transparent__503.uasset" 519
"../../../Calc4/Content/Textures/rougelike/roguelikeSheet_transparent__504.uasset" 520
"../../../Calc4/Content/Textures/rougelike/roguelikeSheet_transparent__506.uasset" 521
"../../../Calc4/Content/Textures/rougelike/roguelikeSheet_transparent__545.uasset" 522
"../../../Calc4/Content/Textures/rougelike/roguelikeSheet_transparent__558.uasset" 523
"../../../Calc4/Content/Textures/rougelike/roguelikeSheet_transparent__562.uasset" 524
"../../../Calc4/Content/Textures/rougelike/roguelikeSheet_transparent__568.uasset" 525
"../../../Calc4/Content/Textures/rougelike/roguelikeSheet_transparent__615.uasset" 526
"../../../Calc4/Content/Textures/rougelike/roguelikeSheet_transparent__620.uasset" 527
"../../../Calc4/Content/Textures/rougelike/roguelikeSheet_transparent__622.uasset" 528
"../../../Calc4/Content/Textures/rougelike/roguelikeSheet_transparent__623.uasset" 529
"../../../Calc4/Content/Textures/rougelike/roguelikeSheet_transparent__624.uasset" 530
"../../../Calc4/Content/Textures/rougelike/roguelikeSheet_transparent__677.uasset" 531
"../../../Calc4/Content/Textures/rougelike/roguelikeSheet_transparent__681.uasset" 532
"../../../Calc4/Content/Textures/rougelike/roguelikeSheet_transparent__682.uasset" 533
"../../../Calc4/Content/Textures/rougelike/roguelikeSheet_transparent__683.uasset" 534
"../../../Calc4/Content/Textures/rougelike/roguelikeSheet_transparent__698.uasset" 535
"../../../Calc4/Content/Textures/rougelike/roguelikeSheet_transparent__700.uasset" 536
"../../../Calc4/Content/Textures/rougelike/roguelikeSheet_transparent__701.uasset" 537
"../../../Calc4/Content/Textures/rougelike/roguelikeSheet_transparent__725.uasset" 538
"../../../Calc4/Content/Textures/rougelike/roguelikeSheet_transparent__726.uasset" 539
"../../../Calc4/Content/Textures/rougelike/roguelikeSheet_transparent__727.uasset" 540
"../../../Calc4/Content/Textures/rougelike/roguelikeSheet_transparent__728.uasset" 541
"../../../Calc4/Content/Textures/rougelike/roguelikeSheet_transparent__729.uasset" 542
"../../../Calc4/Content/Textures/rougelike/roguelikeSheet_transparent__730.uasset" 543
"../../../Calc4/Content/Textures/rougelike/roguelikeSheet_transparent__731.uasset" 544
"../../../Calc4/Content/Textures/rougelike/roguelikeSheet_transparent__732.uasset" 545
"../../../Calc4/Content/Textures/rougelike/roguelikeSheet_transparent__733.uasset" 546
"../../../Calc4/Content/Textures/rougelike/roguelikeSheet_transparent__734.uasset" 547
"../../../Calc4/Content/Textures/rougelike/roguelikeSheet_transparent__738.uasset" 548
"../../../Calc4/Content/Textures/rougelike/roguelikeSheet_transparent__739.uasset" 549
"../../../Calc4/Content/Textures/rougelike/roguelikeSheet_transparent__756.uasset" 550
"../../../Calc4/Content/Textures/rougelike/roguelikeSheet_transparent__757.uasset" 551
"../../../Calc4/Content/Textures/rougelike/roguelikeSheet_transparent__758.uasset" 552
"../../../Calc4/Content/Textures/rougelike/roguelikeSheet_transparent__759.uasset" 553
"../../../Calc4/Content/Textures/rougelike/roguelikeSheet_transparent__783.uasset" 554
"../../../Calc4/Content/Textures/rougelike/roguelikeSheet_transparent__784.uasset" 555
"../../../Calc4/Content/Textures/rougelike/roguelikeSheet_transparent__796.uasset" 556
"../../../Calc4/Content/Textures/rougelike/roguelikeSheet_transparent__797.uasset" 557
"../../../Calc4/Content/Textures/rougelike/roguelikeSheet_transparent__842.uasset" 558
"../../../Calc4/Content/Textures/rougelike/roguelikeSheet_transparent__843.uasset" 559
"../../../Calc4/Content/Textures/rougelike/roguelikeSheet_transparent__844.uasset" 560
"../../../Calc4/Content/Textures/rougelike/roguelikeSheet_transparent__845.uasset" 561
"../../../Calc4/Content/Textures/rougelike/roguelikeSheet_transparent__846.uasset" 562
"../../../Calc4/Content/Textures/rougelike/roguelikeSheet_transparent__847.uasset" 563
"../../../Calc4/Content/Textures/rougelike/roguelikeSheet_transparent__848.uasset" 564
"../../../Calc4/Content/Textures/rougelike/roguelikeSheet_transparent__852.uasset" 565
"../../../Calc4/Content/Textures/rougelike/roguelikeSheet_transparent__853.uasset" 566
"../../../Calc4/Content/Textures/rougelike/roguelikeSheet_transparent__854.uasset" 567
"../../../Calc4/Content/Textures/rougelike/roguelikeSheet_transparent__862.uasset" 568
"../../../Calc4/Content/Textures/rougelike/roguelikeSheet_transparent__863.uasset" 569
"../../../Calc4/Content/Textures/rougelike/roguelikeSheet_transparent__864.uasset" 570
"../../../Calc4/Content/Textures/rougelike/roguelikeSheet_transparent__868.uasset" 571
"../../../Calc4/Content/Textures/rougelike/roguelikeSheet_transparent__869.uasset" 572
"../../../Calc4/Content/Textures/rougelike/roguelikeSheet_transparent__871.uasset" 573
"../../../Calc4/Content/Textures/rougelike/roguelikeSheet_transparent__872.uasset" 574
"../../../Calc4/Content/Textures/rougelike/roguelikeSheet_transparent__873.uasset" 575
"../../../Calc4/Content/Textures/rougelike/roguelikeSheet_transparent__874.uasset" 576
"../../../Calc4/Content/Textures/rougelike/roguelikeSheet_transparent__898.uasset" 577
"../../../Calc4/Content/Textures/rougelike/roguelikeSheet_transparent__899.uasset" 578
"../../../Calc4/Content/Textures/rougelike/roguelikeSheet_transparent__90.uasset" 579
"../../../Calc4/Content/Textures/rougelike/roguelikeSheet_transparent__902.uasset" 580
"../../../Calc4/Content/Textures/rougelike/roguelikeSheet_transparent__903.uasset" 581
"../../../Calc4/Content/Textures/rougelike/roguelikeSheet_transparent__905.uasset" 582
"../../../Calc4/Content/Textures/rougelike/roguelikeSheet_transparent__909.uasset" 583
"../../../Calc4/Content/Textures/rougelike/roguelikeSheet_transparent__911.uasset" 584
"../../../Calc4/Content/Textures/rougelike/roguelikeSheet_transparent__919.uasset" 585
"../../../Calc4/Content/Textures/rougelike/roguelikeSheet_transparent__920.uasset" 586
"../../../Calc4/Content/Textures/rougelike/roguelikeSheet_transparent__921.uasset" 587
"../../../Calc4/Content/Textures/rougelike/roguelikeSheet_transparent__922.uasset" 588
"../../../Calc4/Content/Textures/rougelike/roguelikeSheet_transparent__923.uasset" 589
"../../../Calc4/Content/Textures/rougelike/roguelikeSheet_transparent__924.uasset" 590
"../../../Calc4/Content/Textures/rougelike/roguelikeSheet_transparent__957.uasset" 591
"../../../Calc4/Content/Textures/rougelike/roguelikeSheet_transparent__959.uasset" 592
"../../../Calc4/Content/Textures/rougelike/roguelikeSheet_transparent__967.uasset" 593
"../../../Calc4/Content/Textures/rougelike/roguelikeSheet_transparent__976.uasset" 594
"../../../Calc4/Content/Textures/rougelike/roguelikeSheet_transparent__977.uasset" 595
"../../../Calc4/Content/Textures/rougelike/roguelikeSheet_transparent__978.uasset" 596
"../../../Calc4/Content/Textures/rougelike/roguelikeSheet_transparent__979.uasset" 597
"../../../Calc4/Content/Textures/rougelike/roguelikeSheet_transparent__980.uasset" 598
"../../../Calc4/Content/Textures/rougelike/roguelikeSheet_transparent__981.uasset" 599
"../../../Calc4/Content/Textures/rougelike/roguelikeSheet_transparent__99.uasset" 600
"../../../Calc4/Content/Textures/rougelike/roguelikeSheet_transparent_sp_1.uasset" 601
"../../../Calc4/Content/Textures/rougelike/roguelikeSheet_transparent_sp_1011.uasset" 602
"../../../Calc4/Content/Textures/rougelike/roguelikeSheet_transparent_sp_1012.uasset" 603
"../../../Calc4/Content/Textures/rougelike/roguelikeSheet_transparent_sp_1053.uasset" 604
"../../../Calc4/Content/Textures/rougelike/roguelikeSheet_transparent_sp_1162.uasset" 605
"../../../Calc4/Content/Textures/rougelike/roguelikeSheet_transparent_sp_1163.uasset" 606
"../../../Calc4/Content/Textures/rougelike/roguelikeSheet_transparent_sp_1164.uasset" 607
"../../../Calc4/Content/Textures/rougelike/roguelikeSheet_transparent_sp_119.uasset" 608
"../../../Calc4/Content/Textures/rougelike/roguelikeSheet_transparent_sp_120.uasset" 609
"../../../Calc4/Content/Textures/rougelike/roguelikeSheet_transparent_sp_121.uasset" 610
"../../../Calc4/Content/Textures/rougelike/roguelikeSheet_transparent_sp_1283.uasset" 611
"../../../Calc4/Content/Textures/rougelike/roguelikeSheet_transparent_sp_1284.uasset" 612
"../../../Calc4/Content/Textures/rougelike/roguelikeSheet_transparent_sp_1285.uasset" 613
"../../../Calc4/Content/Textures/rougelike/roguelikeSheet_transparent_sp_1335.uasset" 614
"../../../Calc4/Content/Textures/rougelike/roguelikeSheet_transparent_sp_1336.uasset" 615
"../../../Calc4/Content/Textures/rougelike/roguelikeSheet_transparent_sp_1337.uasset" 616
"../../../Calc4/Content/Textures/rougelike/roguelikeSheet_transparent_sp_1403.uasset" 617
"../../../Calc4/Content/Textures/rougelike/roguelikeSheet_transparent_sp_1404.uasset" 618
"../../../Calc4/Content/Textures/rougelike/roguelikeSheet_transparent_sp_1405.uasset" 619
"../../../Calc4/Content/Textures/rougelike/roguelikeSheet_transparent_sp_1406.uasset" 620
"../../../Calc4/Content/Textures/rougelike/roguelikeSheet_transparent_sp_1407.uasset" 621
"../../../Calc4/Content/Textures/rougelike/roguelikeSheet_transparent_sp_1408.uasset" 622
"../../../Calc4/Content/Textures/rougelike/roguelikeSheet_transparent_sp_1467.uasset" 623
"../../../Calc4/Content/Textures/rougelike/roguelikeSheet_transparent_sp_1468.uasset" 624
"../../../Calc4/Content/Textures/rougelike/roguelikeSheet_transparent_sp_1469.uasset" 625
"../../../Calc4/Content/Textures/rougelike/roguelikeSheet_transparent_sp_1470.uasset" 626
"../../../Calc4/Content/Textures/rougelike/roguelikeSheet_transparent_sp_1471.uasset" 627
"../../../Calc4/Content/Textures/rougelike/roguelikeSheet_transparent_sp_1472.uasset" 628
"../../../Calc4/Content/Textures/rougelike/roguelikeSheet_transparent_sp_1544.uasset" 629
"../../../Calc4/Content/Textures/rougelike/roguelikeSheet_transparent_sp_1545.uasset" 630
"../../../Calc4/Content/Textures/rougelike/roguelikeSheet_transparent_sp_1546.uasset" 631
"../../../Calc4/Content/Textures/rougelike/roguelikeSheet_transparent_sp_1547.uasset" 632
"../../../Calc4/Content/Textures/rougelike/roguelikeSheet_transparent_sp_1548.uasset" 633
"../../../Calc4/Content/Textures/rougelike/roguelikeSheet_transparent_sp_1549.uasset" 634
"../../../Calc4/Content/Textures/rougelike/roguelikeSheet_transparent_sp_2.uasset" 635
"../../../Calc4/Content/Textures/rougelike/roguelikeSheet_transparent_sp_277.uasset" 636
"../../../Calc4/Content/Textures/rougelike/roguelikeSheet_transparent_sp_3.uasset" 637
"../../../Calc4/Content/Textures/rougelike/roguelikeSheet_transparent_sp_4.uasset" 638
"../../../Calc4/Content/Textures/rougelike/roguelikeSheet_transparent_sp_418.uasset" 639
"../../../Calc4/Content/Textures/rougelike/roguelikeSheet_transparent_sp_445.uasset" 640
"../../../Calc4/Content/Textures/rougelike/roguelikeSheet_transparent_sp_446.uasset" 641
"../../../Calc4/Content/Textures/rougelike/roguelikeSheet_transparent_sp_494.uasset" 642
"../../../Calc4/Content/Textures/rougelike/roguelikeSheet_transparent_sp_495.uasset" 643
"../../../Calc4/Content/Textures/rougelike/roguelikeSheet_transparent_sp_496.uasset" 644
"../../../Calc4/Content/Textures/rougelike/roguelikeSheet_transparent_sp_5.uasset" 645
"../../../Calc4/Content/Textures/rougelike/roguelikeSheet_transparent_sp_512.uasset" 646
"../../../Calc4/Content/Textures/rougelike/roguelikeSheet_transparent_sp_515.uasset" 647
"../../../Calc4/Content/Textures/rougelike/roguelikeSheet_transparent_sp_522.uasset" 648
"../../../Calc4/Content/Textures/rougelike/roguelikeSheet_transparent_sp_523.uasset" 649
"../../../Calc4/Content/Textures/rougelike/roguelikeSheet_transparent_sp_525.uasset" 650
"../../../Calc4/Content/Textures/rougelike/roguelikeSheet_transparent_sp_527.uasset" 651
"../../../Calc4/Content/Textures/rougelike/roguelikeSheet_transparent_sp_529.uasset" 652
"../../../Calc4/Content/Textures/rougelike/roguelikeSheet_transparent_sp_530.uasset" 653
"../../../Calc4/Content/Textures/rougelike/roguelikeSheet_transparent_sp_583.uasset" 654
"../../../Calc4/Content/Textures/rougelike/roguelikeSheet_transparent_sp_584.uasset" 655
"../../../Calc4/Content/Textures/rougelike/roguelikeSheet_transparent_sp_59.uasset" 656
"../../../Calc4/Content/Textures/rougelike/roguelikeSheet_transparent_sp_602.uasset" 657
"../../../Calc4/Content/Textures/rougelike/roguelikeSheet_transparent_sp_603.uasset" 658
"../../../Calc4/Content/Textures/rougelike/roguelikeSheet_transparent_sp_61.uasset" 659
"../../../Calc4/Content/Textures/rougelike/roguelikeSheet_transparent_sp_612.uasset" 660
"../../../Calc4/Content/Textures/rougelike/roguelikeSheet_transparent_sp_62.uasset" 661
"../../../Calc4/Content/Textures/rougelike/roguelikeSheet_transparent_sp_66.uasset" 662
"../../../Calc4/Content/Textures/rougelike/roguelikeSheet_transparent_sp_698.uasset" 663
"../../../Calc4/Content/Textures/rougelike/roguelikeSheet_transparent_sp_700.uasset" 664
"../../../Calc4/Content/Textures/rougelike/roguelikeSheet_transparent_sp_701.uasset" 665
"../../../Calc4/Content/Textures/rougelike/roguelikeSheet_transparent_sp_705.uasset" 666
"../../../Calc4/Content/Textures/rougelike/roguelikeSheet_transparent_sp_707.uasset" 667
"../../../Calc4/Content/Textures/rougelike/roguelikeSheet_transparent_sp_708.uasset" 668
"../../../Calc4/Content/Textures/rougelike/roguelikeSheet_transparent_sp_745.uasset" 669
"../../../Calc4/Content/Textures/rougelike/roguelikeSheet_transparent_sp_756.uasset" 670
"../../../Calc4/Content/Textures/rougelike/roguelikeSheet_transparent_sp_757.uasset" 671
"../../../Calc4/Content/Textures/rougelike/roguelikeSheet_transparent_sp_758.uasset" 672
"../../../Calc4/Content/Textures/rougelike/roguelikeSheet_transparent_sp_763.uasset" 673
"../../../Calc4/Content/Textures/rougelike/roguelikeSheet_transparent_sp_764.uasset" 674
"../../../Calc4/Content/Textures/rougelike/roguelikeSheet_transparent_sp_765.uasset" 675
"../../../Calc4/Content/Textures/rougelike/roguelikeSheet_transparent_sp_866.uasset" 676
"../../../Calc4/Content/Textures/rougelike/roguelikeSheet_transparent_sp_867.uasset" 677
"../../../Calc4/Content/Textures/rougelike/roguelikeSheet_transparent_sp_869.uasset" 678
"../../../Calc4/Content/Textures/rougelike/roguelikeSheet_transparent_sp_870.uasset" 679
"../../../Calc4/Content/Textures/rougelike/roguelikeSheet_transparent_sp_871.uasset" 680
"../../../Calc4/Content/Textures/rougelike/roguelikeSheet_transparent_sp_872.uasset" 681
"../../../Calc4/Content/Textures/rougelike/roguelikeSheet_transparent_sp_882.uasset" 682
"../../../Calc4/Content/Textures/rougelike/roguelikeSheet_transparent_sp_883.uasset" 683
"../../../Calc4/Content/Textures/rougelike/roguelikeSheet_transparent_sp_884.uasset" 684
"../../../Calc4/Content/Textures/rougelike/roguelikeSheet_transparent_sp_885.uasset" 685
"../../../Calc4/Content/Textures/rougelike/roguelikeSheet_transparent_sp_886.uasset" 686
"../../../Calc4/Content/Textures/rougelike/roguelikeSheet_transparent_sp_889.uasset" 687
"../../../Calc4/Content/Textures/rougelike/roguelikeSheet_transparent_sp_953.uasset" 688
"../../../Calc4/Content/Textures/rougelike/roguelikeSheet_transparent_sp_954.uasset" 689
"../../../Calc4/Content/Textures/rougelike/roguelikeSheet_transparent_sp_959.uasset" 690
"../../../Calc4/Content/Maps/MainMap.umap" 691
"../../../Engine/Content/Maps/Entry.umap" 692
